<?xml version="1.0" encoding="UTF-8"?>
<!-- Generated by org.testng.reporters.JUnitXMLReporter -->
<testsuite ignored="2" hostname="LAPTOP-3HNND56P" failures="0" tests="2" name="Test" time="0.065" errors="0" timestamp="2022-03-11T23:57:23 IST">
  <testcase classname="pckg1.AnnotationExample" name="test1" time="0.007"/>
  <testcase classname="pckg2.CheckoutTest" name="test4" time="0.002"/>
  <testcase classname="pckg1.HomePageTest" name="test3" time="0.0">
    <ignored/>
  </testcase> <!-- test3 -->
  <testcase classname="pckg1.AnnotationExample" name="test2" time="0.0">
    <ignored/>
  </testcase> <!-- test2 -->
</testsuite> <!-- Test -->
