<?xml version="1.0" encoding="UTF-8"?>
<testng-results ignored="0" total="2" passed="2" failed="0" skipped="0">
  <reporter-output>
  </reporter-output>
  <suite started-at="2022-03-12T00:25:53 IST" name="Default suite" finished-at="2022-03-12T00:25:53 IST" duration-ms="68">
    <groups>
    </groups>
    <test started-at="2022-03-12T00:25:53 IST" name="Default test" finished-at="2022-03-12T00:25:53 IST" duration-ms="68">
      <class name="pckg1.HomePageTest">
        <test-method signature="test3()[pri:0, instance:pckg1.HomePageTest@4df50bcc]" started-at="2022-03-12T00:25:53 IST" name="test3" finished-at="2022-03-12T00:25:53 IST" duration-ms="9" status="PASS">
          <reporter-output>
          </reporter-output>
        </test-method> <!-- test3 -->
        <test-method signature="test6()[pri:0, instance:pckg1.HomePageTest@4df50bcc]" started-at="2022-03-12T00:25:53 IST" name="test6" finished-at="2022-03-12T00:25:53 IST" duration-ms="3" status="PASS">
          <reporter-output>
          </reporter-output>
        </test-method> <!-- test6 -->
      </class> <!-- pckg1.HomePageTest -->
    </test> <!-- Default test -->
  </suite> <!-- Default suite -->
</testng-results>
